c:\users\savva\source\repos\devulturisation\devulturisation\x64\release\vc141.pdb
c:\users\savva\source\repos\devulturisation\devulturisation\x64\release\truerefsource.nativecodeanalysis.xml
c:\users\savva\source\repos\devulturisation\devulturisation\x64\release\referencecode.nativecodeanalysis.xml
c:\users\savva\source\repos\devulturisation\devulturisation\x64\release\devultur_hc.nativecodeanalysis.xml
c:\users\savva\source\repos\devulturisation\devulturisation\x64\release\devultur_hc.obj
c:\users\savva\source\repos\devulturisation\devulturisation\x64\release\referencecode.obj
c:\users\savva\source\repos\devulturisation\devulturisation\x64\release\truerefsource.obj
c:\users\savva\source\repos\devulturisation\x64\release\devulturisation.ipdb
c:\users\savva\source\repos\devulturisation\x64\release\devulturisation.iobj
c:\users\savva\source\repos\devulturisation\x64\release\devulturisation.exe
c:\users\savva\source\repos\devulturisation\x64\release\devulturisation.pdb
c:\users\savva\source\repos\devulturisation\devulturisation\x64\release\nativecodeanalysis.read.1.tlog
c:\users\savva\source\repos\devulturisation\devulturisation\x64\release\vc.nativecodeanalysis.all.xml
c:\users\savva\source\repos\devulturisation\x64\release\devulturisation.exe.lastcodeanalysissucceeded
c:\users\savva\source\repos\devulturisation\devulturisation\x64\release\devulturisation.tlog\cl.command.1.tlog
c:\users\savva\source\repos\devulturisation\devulturisation\x64\release\devulturisation.tlog\cl.read.1.tlog
c:\users\savva\source\repos\devulturisation\devulturisation\x64\release\devulturisation.tlog\cl.write.1.tlog
c:\users\savva\source\repos\devulturisation\devulturisation\x64\release\devulturisation.tlog\devulturisation.write.1u.tlog
c:\users\savva\source\repos\devulturisation\devulturisation\x64\release\devulturisation.tlog\link.command.1.tlog
c:\users\savva\source\repos\devulturisation\devulturisation\x64\release\devulturisation.tlog\link.read.1.tlog
c:\users\savva\source\repos\devulturisation\devulturisation\x64\release\devulturisation.tlog\link.write.1.tlog
